<?xml version="1.0" encoding="UTF-8"?>
<<<<<<< HEAD
<testsuite name="com.evoting.BlockchainTest" time="5.262" tests="6" errors="0" skipped="0" failures="4">
=======
<testsuite name="com.evoting.BlockchainTest" time="5.388" tests="6" errors="0" skipped="0" failures="4">
>>>>>>> 11d375a55a3486846e81638e43bf34f75f42ce13
  <properties>
    <property name="java.runtime.name" value="OpenJDK Runtime Environment"/>
    <property name="sun.boot.library.path" value="/usr/lib/jvm/java-8-openjdk-amd64/jre/lib/amd64"/>
    <property name="java.vm.version" value="25.91-b14"/>
    <property name="java.vm.vendor" value="Oracle Corporation"/>
    <property name="maven.multiModuleProjectDirectory" value="/home/gift/Desktop/eVoting/ServerSide"/>
    <property name="java.vendor.url" value="http://java.oracle.com/"/>
    <property name="path.separator" value=":"/>
    <property name="guice.disable.misplaced.annotation.check" value="true"/>
    <property name="java.vm.name" value="OpenJDK 64-Bit Server VM"/>
    <property name="file.encoding.pkg" value="sun.io"/>
    <property name="user.country" value="ZA"/>
    <property name="sun.java.launcher" value="SUN_STANDARD"/>
    <property name="sun.os.patch.level" value="unknown"/>
    <property name="java.vm.specification.name" value="Java Virtual Machine Specification"/>
    <property name="user.dir" value="/home/gift/Desktop/eVoting/ServerSide"/>
    <property name="java.runtime.version" value="1.8.0_91-8u91-b14-3ubuntu1~16.04.1-b14"/>
    <property name="java.awt.graphicsenv" value="sun.awt.X11GraphicsEnvironment"/>
    <property name="java.endorsed.dirs" value="/usr/lib/jvm/java-8-openjdk-amd64/jre/lib/endorsed"/>
    <property name="os.arch" value="amd64"/>
    <property name="java.io.tmpdir" value="/tmp"/>
    <property name="line.separator" value="&#10;"/>
    <property name="java.vm.specification.vendor" value="Oracle Corporation"/>
    <property name="os.name" value="Linux"/>
    <property name="classworlds.conf" value="/usr/share/maven/bin/m2.conf"/>
    <property name="sun.jnu.encoding" value="UTF-8"/>
    <property name="java.library.path" value="/home/gift/Downloads/idea-IU-145.972.3/bin::/usr/java/packages/lib/amd64:/usr/lib/x86_64-linux-gnu/jni:/lib/x86_64-linux-gnu:/usr/lib/x86_64-linux-gnu:/usr/lib/jni:/lib:/usr/lib"/>
    <property name="java.specification.name" value="Java Platform API Specification"/>
    <property name="java.class.version" value="52.0"/>
    <property name="sun.management.compiler" value="HotSpot 64-Bit Tiered Compilers"/>
    <property name="os.version" value="4.4.0-28-generic"/>
    <property name="user.home" value="/home/gift"/>
    <property name="user.timezone" value="Africa/Johannesburg"/>
    <property name="java.awt.printerjob" value="sun.print.PSPrinterJob"/>
    <property name="file.encoding" value="UTF-8"/>
    <property name="java.specification.version" value="1.8"/>
    <property name="user.name" value="gift"/>
    <property name="java.class.path" value="/usr/share/maven/boot/plexus-classworlds-2.x.jar"/>
    <property name="java.vm.specification.version" value="1.8"/>
    <property name="sun.arch.data.model" value="64"/>
    <property name="java.home" value="/usr/lib/jvm/java-8-openjdk-amd64/jre"/>
    <property name="sun.java.command" value="org.codehaus.plexus.classworlds.launcher.Launcher clean install"/>
    <property name="java.specification.vendor" value="Oracle Corporation"/>
    <property name="user.language" value="en"/>
    <property name="awt.toolkit" value="sun.awt.X11.XToolkit"/>
    <property name="java.vm.info" value="mixed mode"/>
    <property name="java.version" value="1.8.0_91"/>
    <property name="java.ext.dirs" value="/usr/lib/jvm/java-8-openjdk-amd64/jre/lib/ext:/usr/java/packages/lib/ext"/>
    <property name="securerandom.source" value="file:/dev/./urandom"/>
    <property name="sun.boot.class.path" value="/usr/lib/jvm/java-8-openjdk-amd64/jre/lib/resources.jar:/usr/lib/jvm/java-8-openjdk-amd64/jre/lib/rt.jar:/usr/lib/jvm/java-8-openjdk-amd64/jre/lib/sunrsasign.jar:/usr/lib/jvm/java-8-openjdk-amd64/jre/lib/jsse.jar:/usr/lib/jvm/java-8-openjdk-amd64/jre/lib/jce.jar:/usr/lib/jvm/java-8-openjdk-amd64/jre/lib/charsets.jar:/usr/lib/jvm/java-8-openjdk-amd64/jre/lib/jfr.jar:/usr/lib/jvm/java-8-openjdk-amd64/jre/classes"/>
    <property name="java.vendor" value="Oracle Corporation"/>
    <property name="maven.home" value="/usr/share/maven"/>
    <property name="file.separator" value="/"/>
    <property name="java.vendor.url.bug" value="http://bugreport.sun.com/bugreport/"/>
    <property name="sun.cpu.endian" value="little"/>
    <property name="sun.io.unicode.encoding" value="UnicodeLittle"/>
    <property name="sun.desktop" value="gnome"/>
    <property name="sun.cpu.isalist" value=""/>
  </properties>
<<<<<<< HEAD
  <testcase name="testSendVoteFromVotingNode" classname="com.evoting.BlockchainTest" time="1.24">
=======
  <testcase name="testSendVoteFromVotingNode" classname="com.evoting.BlockchainTest" time="1.354">
>>>>>>> 11d375a55a3486846e81638e43bf34f75f42ce13
    <failure message="true expected:&lt;[fals]e&gt; but was:&lt;[tru]e&gt;" type="junit.framework.ComparisonFailure"><![CDATA[junit.framework.ComparisonFailure: true expected:<[fals]e> but was:<[tru]e>
	at junit.framework.Assert.assertEquals(Assert.java:100)
	at junit.framework.TestCase.assertEquals(TestCase.java:261)
	at com.evoting.BlockchainTest.testSendVoteFromVotingNode(BlockchainTest.java:104)
]]></failure>
  </testcase>
  <testcase name="testVotingNodeBalance" classname="com.evoting.BlockchainTest" time="1.002">
    <failure message="true expected:&lt;[fals]e&gt; but was:&lt;[tru]e&gt;" type="junit.framework.ComparisonFailure"><![CDATA[junit.framework.ComparisonFailure: true expected:<[fals]e> but was:<[tru]e>
	at junit.framework.Assert.assertEquals(Assert.java:100)
	at junit.framework.TestCase.assertEquals(TestCase.java:261)
	at com.evoting.BlockchainTest.testVotingNodeBalance(BlockchainTest.java:89)
]]></failure>
  </testcase>
<<<<<<< HEAD
  <testcase name="testInvalidIPAddress" classname="com.evoting.BlockchainTest" time="1.011"/>
=======
  <testcase name="testInvalidIPAddress" classname="com.evoting.BlockchainTest" time="1.023"/>
>>>>>>> 11d375a55a3486846e81638e43bf34f75f42ce13
  <testcase name="testAdminBalance" classname="com.evoting.BlockchainTest" time="1.004">
    <failure message="true expected:&lt;[fals]e&gt; but was:&lt;[tru]e&gt;" type="junit.framework.ComparisonFailure"><![CDATA[junit.framework.ComparisonFailure: true expected:<[fals]e> but was:<[tru]e>
	at junit.framework.Assert.assertEquals(Assert.java:100)
	at junit.framework.TestCase.assertEquals(TestCase.java:261)
	at com.evoting.BlockchainTest.testAdminBalance(BlockchainTest.java:63)
]]></failure>
  </testcase>
<<<<<<< HEAD
  <testcase name="testSendVoteFromAdmin" classname="com.evoting.BlockchainTest" time="1.004">
=======
  <testcase name="testSendVoteFromAdmin" classname="com.evoting.BlockchainTest" time="1.003">
>>>>>>> 11d375a55a3486846e81638e43bf34f75f42ce13
    <failure message="true expected:&lt;[fals]e&gt; but was:&lt;[tru]e&gt;" type="junit.framework.ComparisonFailure"><![CDATA[junit.framework.ComparisonFailure: true expected:<[fals]e> but was:<[tru]e>
	at junit.framework.Assert.assertEquals(Assert.java:100)
	at junit.framework.TestCase.assertEquals(TestCase.java:261)
	at com.evoting.BlockchainTest.testSendVoteFromAdmin(BlockchainTest.java:76)
]]></failure>
  </testcase>
  <testcase name="testEmptyParameters" classname="com.evoting.BlockchainTest" time="0.002"/>
</testsuite>